  Field.cpp
D:\MY(Dima)\Projects\GitRepositories\Games\Tetris\Tetris\Field.cpp(79,47): warning C4244: аргумент: преобразование "int" в "T", возможна потеря данных
D:\MY(Dima)\Projects\GitRepositories\Games\Tetris\Tetris\Field.cpp(79,47): warning C4244:         with
D:\MY(Dima)\Projects\GitRepositories\Games\Tetris\Tetris\Field.cpp(79,47): warning C4244:         [
D:\MY(Dima)\Projects\GitRepositories\Games\Tetris\Tetris\Field.cpp(79,47): warning C4244:             T=float
D:\MY(Dima)\Projects\GitRepositories\Games\Tetris\Tetris\Field.cpp(79,47): warning C4244:         ]
D:\MY(Dima)\Projects\GitRepositories\Games\Tetris\Tetris\Field.cpp(79,41): warning C4244: аргумент: преобразование "int" в "T", возможна потеря данных
D:\MY(Dima)\Projects\GitRepositories\Games\Tetris\Tetris\Field.cpp(79,41): warning C4244:         with
D:\MY(Dima)\Projects\GitRepositories\Games\Tetris\Tetris\Field.cpp(79,41): warning C4244:         [
D:\MY(Dima)\Projects\GitRepositories\Games\Tetris\Tetris\Field.cpp(79,41): warning C4244:             T=float
D:\MY(Dima)\Projects\GitRepositories\Games\Tetris\Tetris\Field.cpp(79,41): warning C4244:         ]
D:\MY(Dima)\Projects\GitRepositories\Games\Tetris\Tetris\Field.cpp(81,31): warning C4244: аргумент: преобразование "int" в "float", возможна потеря данных
D:\MY(Dima)\Projects\GitRepositories\Games\Tetris\Tetris\Field.cpp(81,24): warning C4244: аргумент: преобразование "int" в "float", возможна потеря данных
D:\MY(Dima)\Projects\GitRepositories\Games\Tetris\Tetris\Field.cpp(85,31): warning C4244: аргумент: преобразование "int" в "float", возможна потеря данных
D:\MY(Dima)\Projects\GitRepositories\Games\Tetris\Tetris\Field.cpp(85,24): warning C4244: аргумент: преобразование "int" в "float", возможна потеря данных
  Создание кода
  2 of 107 functions ( 1.9%) were compiled, the rest were copied from previous compilation.
    0 functions were new in current compilation
    6 functions had inline decision re-evaluated but remain unchanged
  Создание кода завершено
  Tetris.vcxproj -> D:\MY(Dima)\Projects\GitRepositories\Games\Tetris\Tetris\x64\Release\Tetris.exe
